current directory: /Users/brianmaierjr/Sites/long-haul/_vendor/ruby/3.1.0/gems/ffi-1.15.5/ext/ffi_c
/usr/local/opt/ruby/bin/ruby -I /usr/local/Cellar/ruby/3.1.1/lib/ruby/3.1.0 -r ./siteconf20220912-56517-qahch4.rb extconf.rb
checking for ffi.h... no
checking for ffi.h in /usr/local/include,/usr/include/ffi,/Library/Developer/CommandLineTools/SDKs/MacOSX.sdk/usr/include/ffi,/Applications/Xcode.app/Contents/Developer/Platforms/MacOSX.platform/Developer/SDKs/MacOSX.sdk/usr/include/ffi... yes
checking for ffi_prep_closure_loc() in -lffi... yes
checking for ffi_prep_cif_var()... yes
checking for ffi_raw_call()... yes
checking for ffi_prep_raw_closure()... yes
checking for whether -pthread is accepted as LDFLAGS... yes
creating extconf.h
creating Makefile

current directory: /Users/brianmaierjr/Sites/long-haul/_vendor/ruby/3.1.0/gems/ffi-1.15.5/ext/ffi_c
make DESTDIR\= clean

current directory: /Users/brianmaierjr/Sites/long-haul/_vendor/ruby/3.1.0/gems/ffi-1.15.5/ext/ffi_c
make DESTDIR\=
compiling AbstractMemory.c
compiling ArrayType.c
compiling Buffer.c
compiling Call.c
compiling ClosurePool.c
compiling DynamicLibrary.c
compiling Function.c
compiling FunctionInfo.c
compiling LastError.c
compiling LongDouble.c
compiling MappedType.c
compiling MemoryPointer.c
compiling MethodHandle.c
compiling Platform.c
compiling Pointer.c
compiling Struct.c
compiling StructByValue.c
compiling StructLayout.c
compiling Thread.c
compiling Type.c
compiling Types.c
compiling Variadic.c
compiling ffi.c
linking shared-object ffi_c.bundle
ld: warning: dylib (/usr/local/Cellar/ruby/3.1.1/lib/libruby.3.1.dylib) was built for newer macOS version (12.0) than being linked (11.1)

current directory: /Users/brianmaierjr/Sites/long-haul/_vendor/ruby/3.1.0/gems/ffi-1.15.5/ext/ffi_c
make DESTDIR\= install
/usr/bin/install -c -m 0755 ffi_c.bundle ./.gem.20220912-56517-tbs22d
